<?xml version="1.0" encoding="UTF-8"?>
<!-- Generated by org.testng.reporters.JUnitReportReporter -->
<testsuite skipped="0" hostname="DESKTOP-CRRQ0J6" name="testscriptss.SampleTwoTest" tests="1" failures="0" timestamp="2023-03-04T12:57:36 IST" time="13.986" errors="0">
  <testcase name="CypressSearchTest" time="13.986" classname="testscriptss.SampleTwoTest"/>
  <system-out/>
</testsuite> <!-- testscriptss.SampleTwoTest -->
